#
# There is insufficient memory for the Java Runtime Environment to continue.
# Native memory allocation (mmap) failed to map 132120576 bytes for Failed to commit area from 0x0000000082e00000 to 0x000000008ac00000 of length 132120576.
# Possible reasons:
#   The system is out of physical RAM or swap space
#   The process is running with CompressedOops enabled, and the Java Heap may be blocking the growth of the native heap
# Possible solutions:
#   Reduce memory load on the system
#   Increase physical memory or swap space
#   Check if swap backing store is full
#   Decrease Java heap size (-Xmx/-Xms)
#   Decrease number of Java threads
#   Decrease Java thread stack sizes (-Xss)
#   Set larger code cache with -XX:ReservedCodeCacheSize=
# This output file may be truncated or incomplete.
#
#  Out of Memory Error (./src/hotspot/os/windows/os_windows.cpp:3301), pid=5176, tid=22876
#
# JRE version:  (11.0.10+9) (build )
# Java VM: OpenJDK 64-Bit Server VM (11.0.10+9, mixed mode, sharing, tiered, compressed oops, g1 gc, windows-amd64)
# No core dump will be written. Minidumps are not enabled by default on client versions of Windows
#

---------------  S U M M A R Y ------------

Command Line: -Dfile.encoding=UTF-8 Main

Host: Intel(R) Core(TM) i5-7200U CPU @ 2.50GHz, 4 cores, 7G,  Windows 10 , 64 bit Build 19041 (10.0.19041.928)
Time: Tue May 18 14:42:37 2021 ????????? ????? ??? (????) elapsed time: 0.017289 seconds (0d 0h 0m 0s)

---------------  T H R E A D  ---------------

Current thread (0x0000021cc527d000):  JavaThread "Unknown thread" [_thread_in_vm, id=22876, stack(0x0000008c65900000,0x0000008c65a00000)]

Stack: [0x0000008c65900000,0x0000008c65a00000]
Native frames: (J=compiled Java code, j=interpreted, Vv=VM code, C=native code)
V  [jvm.dll+0x5f35ea]
V  [jvm.dll+0x77c65e]
V  [jvm.dll+0x77dd2f]
V  [jvm.dll+0x77e3f3]
V  [jvm.dll+0x246c38]
V  [jvm.dll+0x5f079a]
V  [jvm.dll+0x5e53c5]
V  [jvm.dll+0x2fba4c]
V  [jvm.dll+0x2fb8d2]
V  [jvm.dll+0x300586]
V  [jvm.dll+0x344cff]
V  [jvm.dll+0x344730]
V  [jvm.dll+0x2d8cb8]
V  [jvm.dll+0x2d9e06]
V  [jvm.dll+0x757c77]
V  [jvm.dll+0x7593ff]
V  [jvm.dll+0x351a59]
V  [jvm.dll+0x73aea0]
V  [jvm.dll+0x3b929f]
V  [jvm.dll+0x3bb7a1]
C  [jli.dll+0x520b]
C  [ucrtbase.dll+0x21bb2]
C  [KERNEL32.DLL+0x17034]
C  [ntdll.dll+0x52651]


---------------  P R O C E S S  ---------------

Threads class SMR info:
_java_thread_list=0x0000021cc31830f0, length=0, elements={
}

Java Threads: ( => current thread )

Other Threads:
  0x0000021cc5292000 GCTaskThread "GC Thread#0" [stack: 0x0000008c65a00000,0x0000008c65b00000] [id=12336]
  0x0000021cc52c5000 ConcurrentGCThread "G1 Main Marker" [stack: 0x0000008c65b00000,0x0000008c65c00000] [id=9740]
  0x0000021cc52c6800 ConcurrentGCThread "G1 Conc#0" [stack: 0x0000008c65c00000,0x0000008c65d00000] [id=14548]

[error occurred during error reporting (printing all threads), id 0xc0000005, EXCEPTION_ACCESS_VIOLATION (0xc0000005) at pc=0x00007ff9533f8337]

VM state:not at safepoint (not fully initialized)

VM Mutex/Monitor currently owned by a thread:  ([mutex/lock_event])
[0x0000021cc5278c60] Heap_lock - owner thread: 0x0000021cc527d000

Heap address: 0x0000000082e00000, size: 2002 MB, Compressed Oops mode: Non-zero based: 0x0000000082e00000
Narrow klass base: 0x0000000000000000, Narrow klass shift: 0

GC Heap History (0 events):
No events

Deoptimization events (0 events):
No events

Classes redefined (0 events):
No events

Internal exceptions (0 events):
No events

Events (1 events):
Event: 0.011 Loaded shared library C:\Program Files\AdoptOpenJDK\jdk-11.0.10.9-hotspot\bin\zip.dll


Dynamic libraries:
0x00007ff6895f0000 - 0x00007ff6895fd000 	C:\Program Files\AdoptOpenJDK\jdk-11.0.10.9-hotspot\bin\java.exe
0x00007ff9b4c70000 - 0x00007ff9b4e65000 	C:\WINDOWS\SYSTEM32\ntdll.dll
0x00007ff9b3650000 - 0x00007ff9b370d000 	C:\WINDOWS\System32\KERNEL32.DLL
0x00007ff9b29a0000 - 0x00007ff9b2c68000 	C:\WINDOWS\System32\KERNELBASE.dll
0x00007ff9b25c0000 - 0x00007ff9b26c0000 	C:\WINDOWS\System32\ucrtbase.dll
0x00007ff998720000 - 0x00007ff998735000 	C:\Program Files\AdoptOpenJDK\jdk-11.0.10.9-hotspot\bin\VCRUNTIME140.dll
0x00007ff996840000 - 0x00007ff996857000 	C:\Program Files\AdoptOpenJDK\jdk-11.0.10.9-hotspot\bin\jli.dll
0x00007ff9b4280000 - 0x00007ff9b4420000 	C:\WINDOWS\System32\USER32.dll
0x00007ff9b2590000 - 0x00007ff9b25b2000 	C:\WINDOWS\System32\win32u.dll
0x00007ff9b4420000 - 0x00007ff9b444a000 	C:\WINDOWS\System32\GDI32.dll
0x00007ff9b2790000 - 0x00007ff9b289b000 	C:\WINDOWS\System32\gdi32full.dll
0x00007ff9b26f0000 - 0x00007ff9b278d000 	C:\WINDOWS\System32\msvcp_win.dll
0x00007ff9a0ed0000 - 0x00007ff9a116a000 	C:\WINDOWS\WinSxS\amd64_microsoft.windows.common-controls_6595b64144ccf1df_6.0.19041.844_none_ca00b6081b84eb1d\COMCTL32.dll
0x00007ff9b49e0000 - 0x00007ff9b4a7e000 	C:\WINDOWS\System32\msvcrt.dll
0x00007ff9b49b0000 - 0x00007ff9b49e0000 	C:\WINDOWS\System32\IMM32.DLL
0x00007ff96eed0000 - 0x00007ff96ef6b000 	C:\Program Files\AdoptOpenJDK\jdk-11.0.10.9-hotspot\bin\msvcp140.dll
0x00007ff953110000 - 0x00007ff953c53000 	C:\Program Files\AdoptOpenJDK\jdk-11.0.10.9-hotspot\bin\server\jvm.dll
0x00007ff9b3140000 - 0x00007ff9b31ec000 	C:\WINDOWS\System32\ADVAPI32.dll
0x00007ff9b3710000 - 0x00007ff9b37ab000 	C:\WINDOWS\System32\sechost.dll
0x00007ff9b4750000 - 0x00007ff9b487b000 	C:\WINDOWS\System32\RPCRT4.dll
0x00007ff9b31f0000 - 0x00007ff9b31f8000 	C:\WINDOWS\System32\PSAPI.DLL
0x00007ff98e380000 - 0x00007ff98e389000 	C:\WINDOWS\SYSTEM32\WSOCK32.dll
0x00007ff9b4940000 - 0x00007ff9b49ab000 	C:\WINDOWS\System32\WS2_32.dll
0x00007ff9a0ea0000 - 0x00007ff9a0ec7000 	C:\WINDOWS\SYSTEM32\WINMM.dll
0x00007ff9a4380000 - 0x00007ff9a438a000 	C:\WINDOWS\SYSTEM32\VERSION.dll
0x00007ff9b0c60000 - 0x00007ff9b0c72000 	C:\WINDOWS\SYSTEM32\kernel.appcore.dll
0x00007ff99a5b0000 - 0x00007ff99a5c0000 	C:\Program Files\AdoptOpenJDK\jdk-11.0.10.9-hotspot\bin\verify.dll
0x00007ff9af880000 - 0x00007ff9afa64000 	C:\WINDOWS\SYSTEM32\DBGHELP.DLL
0x00007ff9a15b0000 - 0x00007ff9a15dc000 	C:\WINDOWS\SYSTEM32\dbgcore.DLL
0x00007ff9b2510000 - 0x00007ff9b2590000 	C:\WINDOWS\System32\bcryptPrimitives.dll
0x00007ff9948d0000 - 0x00007ff9948f8000 	C:\Program Files\AdoptOpenJDK\jdk-11.0.10.9-hotspot\bin\java.dll
0x00007ff999c70000 - 0x00007ff999c7a000 	C:\Program Files\AdoptOpenJDK\jdk-11.0.10.9-hotspot\bin\jimage.dll
0x00007ff996890000 - 0x00007ff9968a7000 	C:\Program Files\AdoptOpenJDK\jdk-11.0.10.9-hotspot\bin\zip.dll

dbghelp: loaded successfully - version: 4.0.5 - missing functions: none
symbol engine: initialized successfully - sym options: 0x614 - pdb path: .;C:\Program Files\AdoptOpenJDK\jdk-11.0.10.9-hotspot\bin;C:\WINDOWS\SYSTEM32;C:\WINDOWS\WinSxS\amd64_microsoft.windows.common-controls_6595b64144ccf1df_6.0.19041.844_none_ca00b6081b84eb1d;C:\Program Files\AdoptOpenJDK\jdk-11.0.10.9-hotspot\bin\server

VM Arguments:
jvm_args: -Dfile.encoding=UTF-8 
java_command: Main
java_class_path (initial): C:\Users\alexg\AppData\Roaming\Code\User\workspaceStorage\245ff77a4767be3a56bc436249858136\redhat.java\jdt_ws\IonEngine_96d4c57f\bin
Launcher Type: SUN_STANDARD

[Global flags]
     intx CICompilerCount                          = 3                                         {product} {ergonomic}
     uint ConcGCThreads                            = 1                                         {product} {ergonomic}
     uint G1ConcRefinementThreads                  = 4                                         {product} {ergonomic}
   size_t G1HeapRegionSize                         = 1048576                                   {product} {ergonomic}
    uintx GCDrainStackTargetSize                   = 64                                        {product} {ergonomic}
   size_t InitialHeapSize                          = 132120576                                 {product} {ergonomic}
   size_t MarkStackSize                            = 4194304                                   {product} {ergonomic}
   size_t MaxHeapSize                              = 2099249152                                {product} {ergonomic}
   size_t MinHeapDeltaBytes                        = 1048576                                   {product} {ergonomic}
    uintx NonNMethodCodeHeapSize                   = 5830732                                {pd product} {ergonomic}
    uintx NonProfiledCodeHeapSize                  = 122913754                              {pd product} {ergonomic}
    uintx ProfiledCodeHeapSize                     = 122913754                              {pd product} {ergonomic}
    uintx ReservedCodeCacheSize                    = 251658240                              {pd product} {ergonomic}
     bool SegmentedCodeCache                       = true                                      {product} {ergonomic}
     bool UseCompressedClassPointers               = true                                 {lp64_product} {ergonomic}
     bool UseCompressedOops                        = true                                 {lp64_product} {ergonomic}
     bool UseG1GC                                  = true                                      {product} {ergonomic}
     bool UseLargePagesIndividualAllocation        = false                                  {pd product} {ergonomic}

Logging:
Log output configuration:
 #0: stdout all=warning uptime,level,tags
 #1: stderr all=off uptime,level,tags

Environment Variables:
PATH=C:\Program Files\AdoptOpenJDK\jdk-11.0.10.9-hotspot\bin;C:\Program Files (x86)\Razer\ChromaBroadcast\bin;C:\Program Files\Razer\ChromaBroadcast\bin;C:\Program Files\Mozilla Firefox;C:\Program Files (x86)\NVIDIA Corporation\PhysX\Common;C:\Program Files (x86)\Common Files\Oracle\Java\javapath;C:\Program Files (x86)\Common Files\Intel\Shared Libraries\redist\intel64\compiler;C:\ProgramData\Oracle\Java\javapath;C:\WINDOWS\system32;C:\WINDOWS;C:\WINDOWS\System32\Wbem;C:\WINDOWS\System32\WindowsPowerShell\v1.0\;C:\Program Files\dotnet\;C:\Program Files\Microsoft SQL Server\130\Tools\Binn\;C:\Program Files (x86)\GtkSharp\2.12\bin;C:\Program Files (x86)\Windows Live\Shared;C:\Program Files\Microsoft SQL Server\120\Tools\Binn\;C:\Program Files\PuTTY\;C:\Users\alexg\Downloads\php-7.1.29-Win32-VC14-x64;C:\ProgramData\ComposerSetup\bin;C:\WINDOWS\System32\OpenSSH\;C:\Program Files (x86)\Touch Portal\plugins\adb\platform-tools;C:\Users\alexg\AppData\Local\Microsoft\WindowsApps;C:\Users\alexg\AppData\Roaming\Composer\vendor\bin;C:\Program Files\heroku\bin;C:\Program Files\Imaginando\DRC;C:\Program Files\nodejs\;%MAVEN_HOME%\bin;C:\Program Files\Git\cmd;C:\WINDOWS\system32;C:\WINDOWS;C:\WINDOWS\System32\Wbem;C:\WINDOWS\System32\WindowsPowerShell\v1.0\;C:\WINDOWS\System32\OpenSSH\;C:\Users\alexg\AppData\Local\Microsoft\WindowsApps;C:\Users\alexg\AppData\Roaming\Composer\vendor\bin;C:\Program Files\heroku\bin;C:\Program Files\Imaginando\DRC;C:\Users\alexg\AppData\Roaming\npm;C:\Users\alexg\AppData\Local\GitHubDesktop\bin;
USERNAME=alexg
LANG=ru_RU.UTF-8
OS=Windows_NT
PROCESSOR_IDENTIFIER=Intel64 Family 6 Model 142 Stepping 9, GenuineIntel



---------------  S Y S T E M  ---------------

OS: Windows 10 , 64 bit Build 19041 (10.0.19041.928)
OS uptime: 2 days 12:09 hours

CPU:total 4 (initial active 4) (2 cores per cpu, 2 threads per core) family 6 model 142 stepping 9 microcode 0xb4, cmov, cx8, fxsr, mmx, sse, sse2, sse3, ssse3, sse4.1, sse4.2, popcnt, avx, avx2, aes, clmul, erms, 3dnowpref, lzcnt, ht, tsc, tscinvbit, bmi1, bmi2, adx, fma

Memory: 4k page, system-wide physical 8007M (288M free)
TotalPageFile size 16007M (AvailPageFile size 83M)
current process WorkingSet (physical memory assigned to process): 9M, peak: 9M
current process commit charge ("private bytes"): 51M, peak: 177M

vm_info: OpenJDK 64-Bit Server VM (11.0.10+9) for windows-amd64 JRE (11.0.10+9), built on Jan 20 2021 06:07:07 by "" with MS VC++ 15.9 (VS2017)

END.
